# JRE version: Java(TM) SE Runtime Environment (21.0.6+8) (build 21.0.6+8-LTS-188)
# Java VM: Java HotSpot(TM) 64-Bit Server VM (21.0.6+8-LTS-188, mixed mode, sharing, tiered, compressed oops, compressed class ptrs, g1 gc, windows-amd64)
GC Precious Log:
 CardTable entry size: 512
 Card Set container configuration: InlinePtr #cards 4 size 8 Array Of Cards #cards 16 size 48 Howl #buckets 8 coarsen threshold 3686 Howl Bitmap #cards 512 size 80 coarsen threshold 460 Card regions per heap region 1 cards per card region 4096
 CPUs: 16 total, 16 available
 Memory: 16155M
 Large Page Support: Disabled
 NUMA Support: Disabled
 Compressed Oops: Enabled (Zero based)
 Heap Region Size: 2M
 Heap Min Capacity: 8M
 Heap Initial Capacity: 254M
 Heap Max Capacity: 3G
 Pre-touch: Disabled
 Parallel Workers: 13
 Concurrent Workers: 3
 Concurrent Refinement Workers: 13
 Periodic GC: Disabled
Heap:
 garbage-first heap   total 653312K, used 404379K [0x0000000740000000, 0x0000000800000000)
  region size 2048K, 16 young (32768K), 5 survivors (10240K)
 Metaspace       used 81858K, committed 84096K, reserved 1179648K
  class space    used 11384K, committed 12480K, reserved 1048576K
GC Heap History (20 events):
Event: 10.396 GC heap before
{Heap before GC invocations=23 (full 0):
 garbage-first heap   total 249856K, used 193477K [0x0000000740000000, 0x0000000800000000)
  region size 2048K, 35 young (71680K), 6 survivors (12288K)
 Metaspace       used 73842K, committed 76032K, reserved 1114112K
  class space    used 10286K, committed 11392K, reserved 1048576K
}
Event: 10.406 GC heap after
{Heap after GC invocations=24 (full 0):
 garbage-first heap   total 249856K, used 175174K [0x0000000740000000, 0x0000000800000000)
  region size 2048K, 5 young (10240K), 5 survivors (10240K)
 Metaspace       used 73842K, committed 76032K, reserved 1114112K
  class space    used 10286K, committed 11392K, reserved 1048576K
}
Event: 10.455 GC heap before
{Heap before GC invocations=24 (full 0):
 garbage-first heap   total 249856K, used 207942K [0x0000000740000000, 0x0000000800000000)
  region size 2048K, 21 young (43008K), 5 survivors (10240K)
 Metaspace       used 73957K, committed 76096K, reserved 1114112K
  class space    used 10298K, committed 11392K, reserved 1048576K
}
Event: 10.462 GC heap after
{Heap after GC invocations=25 (full 0):
 garbage-first heap   total 249856K, used 200445K [0x0000000740000000, 0x0000000800000000)
  region size 2048K, 3 young (6144K), 3 survivors (6144K)
 Metaspace       used 73957K, committed 76096K, reserved 1114112K
  class space    used 10298K, committed 11392K, reserved 1048576K
}
Event: 10.488 GC heap before
{Heap before GC invocations=25 (full 0):
 garbage-first heap   total 249856K, used 218877K [0x0000000740000000, 0x0000000800000000)
  region size 2048K, 12 young (24576K), 3 survivors (6144K)
 Metaspace       used 73957K, committed 76096K, reserved 1114112K
  class space    used 10298K, committed 11392K, reserved 1048576K
}
Event: 10.495 GC heap after
{Heap after GC invocations=26 (full 0):
 garbage-first heap   total 499712K, used 215040K [0x0000000740000000, 0x0000000800000000)
  region size 2048K, 2 young (4096K), 2 survivors (4096K)
 Metaspace       used 73957K, committed 76096K, reserved 1114112K
  class space    used 10298K, committed 11392K, reserved 1048576K
}
Event: 14.779 GC heap before
{Heap before GC invocations=27 (full 0):
 garbage-first heap   total 499712K, used 454656K [0x0000000740000000, 0x0000000800000000)
  region size 2048K, 67 young (137216K), 2 survivors (4096K)
 Metaspace       used 77673K, committed 79936K, reserved 1179648K
  class space    used 10893K, committed 12032K, reserved 1048576K
}
Event: 14.789 GC heap after
{Heap after GC invocations=28 (full 0):
 garbage-first heap   total 499712K, used 234025K [0x0000000740000000, 0x0000000800000000)
  region size 2048K, 9 young (18432K), 9 survivors (18432K)
 Metaspace       used 77673K, committed 79936K, reserved 1179648K
  class space    used 10893K, committed 12032K, reserved 1048576K
}
Event: 16.221 GC heap before
{Heap before GC invocations=28 (full 0):
 garbage-first heap   total 499712K, used 365097K [0x0000000740000000, 0x0000000800000000)
  region size 2048K, 74 young (151552K), 9 survivors (18432K)
 Metaspace       used 80921K, committed 83136K, reserved 1179648K
  class space    used 11311K, committed 12416K, reserved 1048576K
}
Event: 16.229 GC heap after
{Heap after GC invocations=29 (full 0):
 garbage-first heap   total 499712K, used 238581K [0x0000000740000000, 0x0000000800000000)
  region size 2048K, 5 young (10240K), 5 survivors (10240K)
 Metaspace       used 80921K, committed 83136K, reserved 1179648K
  class space    used 11311K, committed 12416K, reserved 1048576K
}
Event: 16.234 GC heap before
{Heap before GC invocations=29 (full 0):
 garbage-first heap   total 499712K, used 238581K [0x0000000740000000, 0x0000000800000000)
  region size 2048K, 6 young (12288K), 5 survivors (10240K)
 Metaspace       used 80921K, committed 83136K, reserved 1179648K
  class space    used 11311K, committed 12416K, reserved 1048576K
}
Event: 16.236 GC heap after
{Heap after GC invocations=30 (full 0):
 garbage-first heap   total 499712K, used 239232K [0x0000000740000000, 0x0000000800000000)
  region size 2048K, 6 young (12288K), 6 survivors (12288K)
 Metaspace       used 80921K, committed 83136K, reserved 1179648K
  class space    used 11311K, committed 12416K, reserved 1048576K
}
Event: 16.329 GC heap before
{Heap before GC invocations=31 (full 0):
 garbage-first heap   total 499712K, used 276096K [0x0000000740000000, 0x0000000800000000)
  region size 2048K, 70 young (143360K), 6 survivors (12288K)
 Metaspace       used 80921K, committed 83136K, reserved 1179648K
  class space    used 11311K, committed 12416K, reserved 1048576K
}
Event: 16.344 GC heap after
{Heap after GC invocations=32 (full 0):
 garbage-first heap   total 499712K, used 223232K [0x0000000740000000, 0x0000000800000000)
  region size 2048K, 9 young (18432K), 9 survivors (18432K)
 Metaspace       used 80921K, committed 83136K, reserved 1179648K
  class space    used 11311K, committed 12416K, reserved 1048576K
}
Event: 16.454 GC heap before
{Heap before GC invocations=32 (full 0):
 garbage-first heap   total 499712K, used 366592K [0x0000000740000000, 0x0000000800000000)
  region size 2048K, 70 young (143360K), 9 survivors (18432K)
 Metaspace       used 81031K, committed 83264K, reserved 1179648K
  class space    used 11312K, committed 12416K, reserved 1048576K
}
Event: 16.476 GC heap after
{Heap after GC invocations=33 (full 0):
 garbage-first heap   total 499712K, used 299008K [0x0000000740000000, 0x0000000800000000)
  region size 2048K, 9 young (18432K), 9 survivors (18432K)
 Metaspace       used 81031K, committed 83264K, reserved 1179648K
  class space    used 11312K, committed 12416K, reserved 1048576K
}
Event: 16.503 GC heap before
{Heap before GC invocations=33 (full 0):
 garbage-first heap   total 499712K, used 380928K [0x0000000740000000, 0x0000000800000000)
  region size 2048K, 49 young (100352K), 9 survivors (18432K)
 Metaspace       used 81031K, committed 83264K, reserved 1179648K
  class space    used 11312K, committed 12416K, reserved 1048576K
}
Event: 16.518 GC heap after
{Heap after GC invocations=34 (full 0):
 garbage-first heap   total 499712K, used 356352K [0x0000000740000000, 0x0000000800000000)
  region size 2048K, 7 young (14336K), 7 survivors (14336K)
 Metaspace       used 81031K, committed 83264K, reserved 1179648K
  class space    used 11312K, committed 12416K, reserved 1048576K
}
Event: 617.200 GC heap before
{Heap before GC invocations=35 (full 0):
 garbage-first heap   total 653312K, used 413696K [0x0000000740000000, 0x0000000800000000)
  region size 2048K, 34 young (69632K), 7 survivors (14336K)
 Metaspace       used 81724K, committed 83968K, reserved 1179648K
  class space    used 11384K, committed 12480K, reserved 1048576K
}
Event: 618.149 GC heap after
{Heap after GC invocations=36 (full 0):
 garbage-first heap   total 653312K, used 383899K [0x0000000740000000, 0x0000000800000000)
  region size 2048K, 5 young (10240K), 5 survivors (10240K)
 Metaspace       used 81724K, committed 83968K, reserved 1179648K
  class space    used 11384K, committed 12480K, reserved 1048576K
}

