# JRE version: Java(TM) SE Runtime Environment (21.0.6+8) (build 21.0.6+8-LTS-188)
# Java VM: Java HotSpot(TM) 64-Bit Server VM (21.0.6+8-LTS-188, mixed mode, sharing, tiered, compressed oops, compressed class ptrs, g1 gc, windows-amd64)
GC Precious Log:
 CardTable entry size: 512
 Card Set container configuration: InlinePtr #cards 4 size 8 Array Of Cards #cards 16 size 48 Howl #buckets 8 coarsen threshold 3686 Howl Bitmap #cards 512 size 80 coarsen threshold 460 Card regions per heap region 1 cards per card region 4096
 CPUs: 16 total, 16 available
 Memory: 16155M
 Large Page Support: Disabled
 NUMA Support: Disabled
 Compressed Oops: Enabled (Zero based)
 Heap Region Size: 2M
 Heap Min Capacity: 8M
 Heap Initial Capacity: 254M
 Heap Max Capacity: 3G
 Pre-touch: Disabled
 Parallel Workers: 13
 Concurrent Workers: 3
 Concurrent Refinement Workers: 13
 Periodic GC: Disabled
Heap:
 garbage-first heap   total 116736K, used 78828K [0x0000000740000000, 0x0000000800000000)
  region size 2048K, 15 young (30720K), 3 survivors (6144K)
 Metaspace       used 62955K, committed 64896K, reserved 1114112K
  class space    used 8674K, committed 9664K, reserved 1048576K
GC Heap History (20 events):
Event: 2.546 GC heap before
{Heap before GC invocations=2 (full 0):
 garbage-first heap   total 260096K, used 124623K [0x0000000740000000, 0x0000000800000000)
  region size 2048K, 58 young (118784K), 1 survivors (2048K)
 Metaspace       used 20854K, committed 21504K, reserved 1114112K
  class space    used 2952K, committed 3264K, reserved 1048576K
}
Event: 2.552 GC heap after
{Heap after GC invocations=3 (full 0):
 garbage-first heap   total 260096K, used 23214K [0x0000000740000000, 0x0000000800000000)
  region size 2048K, 7 young (14336K), 7 survivors (14336K)
 Metaspace       used 20854K, committed 21504K, reserved 1114112K
  class space    used 2952K, committed 3264K, reserved 1048576K
}
Event: 3.315 GC heap before
{Heap before GC invocations=4 (full 0):
 garbage-first heap   total 96256K, used 92846K [0x0000000740000000, 0x0000000800000000)
  region size 2048K, 41 young (83968K), 7 survivors (14336K)
 Metaspace       used 29975K, committed 31104K, reserved 1114112K
  class space    used 4466K, committed 5056K, reserved 1048576K
}
Event: 3.322 GC heap after
{Heap after GC invocations=5 (full 0):
 garbage-first heap   total 116736K, used 27341K [0x0000000740000000, 0x0000000800000000)
  region size 2048K, 3 young (6144K), 3 survivors (6144K)
 Metaspace       used 29975K, committed 31104K, reserved 1114112K
  class space    used 4466K, committed 5056K, reserved 1048576K
}
Event: 3.618 GC heap before
{Heap before GC invocations=5 (full 0):
 garbage-first heap   total 116736K, used 47821K [0x0000000740000000, 0x0000000800000000)
  region size 2048K, 14 young (28672K), 3 survivors (6144K)
 Metaspace       used 34780K, committed 35968K, reserved 1114112K
  class space    used 4957K, committed 5568K, reserved 1048576K
}
Event: 3.621 GC heap after
{Heap after GC invocations=6 (full 0):
 garbage-first heap   total 116736K, used 31168K [0x0000000740000000, 0x0000000800000000)
  region size 2048K, 4 young (8192K), 4 survivors (8192K)
 Metaspace       used 34780K, committed 35968K, reserved 1114112K
  class space    used 4957K, committed 5568K, reserved 1048576K
}
Event: 3.643 GC heap before
{Heap before GC invocations=6 (full 0):
 garbage-first heap   total 116736K, used 31168K [0x0000000740000000, 0x0000000800000000)
  region size 2048K, 5 young (10240K), 4 survivors (8192K)
 Metaspace       used 35127K, committed 36288K, reserved 1114112K
  class space    used 4992K, committed 5568K, reserved 1048576K
}
Event: 3.646 GC heap after
{Heap after GC invocations=7 (full 0):
 garbage-first heap   total 116736K, used 30984K [0x0000000740000000, 0x0000000800000000)
  region size 2048K, 2 young (4096K), 2 survivors (4096K)
 Metaspace       used 35127K, committed 36288K, reserved 1114112K
  class space    used 4992K, committed 5568K, reserved 1048576K
}
Event: 4.243 GC heap before
{Heap before GC invocations=8 (full 0):
 garbage-first heap   total 116736K, used 98568K [0x0000000740000000, 0x0000000800000000)
  region size 2048K, 34 young (69632K), 2 survivors (4096K)
 Metaspace       used 40796K, committed 42176K, reserved 1114112K
  class space    used 5718K, committed 6400K, reserved 1048576K
}
Event: 4.246 GC heap after
{Heap after GC invocations=9 (full 0):
 garbage-first heap   total 116736K, used 36410K [0x0000000740000000, 0x0000000800000000)
  region size 2048K, 5 young (10240K), 5 survivors (10240K)
 Metaspace       used 40796K, committed 42176K, reserved 1114112K
  class space    used 5718K, committed 6400K, reserved 1048576K
}
Event: 4.946 GC heap before
{Heap before GC invocations=9 (full 0):
 garbage-first heap   total 116736K, used 95802K [0x0000000740000000, 0x0000000800000000)
  region size 2048K, 34 young (69632K), 5 survivors (10240K)
 Metaspace       used 45980K, committed 47552K, reserved 1114112K
  class space    used 6528K, committed 7296K, reserved 1048576K
}
Event: 4.950 GC heap after
{Heap after GC invocations=10 (full 0):
 garbage-first heap   total 116736K, used 41201K [0x0000000740000000, 0x0000000800000000)
  region size 2048K, 3 young (6144K), 3 survivors (6144K)
 Metaspace       used 45980K, committed 47552K, reserved 1114112K
  class space    used 6528K, committed 7296K, reserved 1048576K
}
Event: 5.409 GC heap before
{Heap before GC invocations=10 (full 0):
 garbage-first heap   total 116736K, used 98545K [0x0000000740000000, 0x0000000800000000)
  region size 2048K, 32 young (65536K), 3 survivors (6144K)
 Metaspace       used 49904K, committed 51520K, reserved 1114112K
  class space    used 6955K, committed 7744K, reserved 1048576K
}
Event: 5.412 GC heap after
{Heap after GC invocations=11 (full 0):
 garbage-first heap   total 116736K, used 44816K [0x0000000740000000, 0x0000000800000000)
  region size 2048K, 2 young (4096K), 2 survivors (4096K)
 Metaspace       used 49904K, committed 51520K, reserved 1114112K
  class space    used 6955K, committed 7744K, reserved 1048576K
}
Event: 6.425 GC heap before
{Heap before GC invocations=11 (full 0):
 garbage-first heap   total 116736K, used 102160K [0x0000000740000000, 0x0000000800000000)
  region size 2048K, 30 young (61440K), 2 survivors (4096K)
 Metaspace       used 58417K, committed 60160K, reserved 1114112K
  class space    used 7965K, committed 8832K, reserved 1048576K
}
Event: 6.428 GC heap after
{Heap after GC invocations=12 (full 0):
 garbage-first heap   total 116736K, used 51615K [0x0000000740000000, 0x0000000800000000)
  region size 2048K, 4 young (8192K), 4 survivors (8192K)
 Metaspace       used 58417K, committed 60160K, reserved 1114112K
  class space    used 7965K, committed 8832K, reserved 1048576K
}
Event: 6.476 GC heap before
{Heap before GC invocations=12 (full 0):
 garbage-first heap   total 116736K, used 55711K [0x0000000740000000, 0x0000000800000000)
  region size 2048K, 7 young (14336K), 4 survivors (8192K)
 Metaspace       used 58909K, committed 60608K, reserved 1114112K
  class space    used 8050K, committed 8896K, reserved 1048576K
}
Event: 6.479 GC heap after
{Heap after GC invocations=13 (full 0):
 garbage-first heap   total 116736K, used 52836K [0x0000000740000000, 0x0000000800000000)
  region size 2048K, 1 young (2048K), 1 survivors (2048K)
 Metaspace       used 58909K, committed 60608K, reserved 1114112K
  class space    used 8050K, committed 8896K, reserved 1048576K
}
Event: 6.944 GC heap before
{Heap before GC invocations=14 (full 0):
 garbage-first heap   total 116736K, used 101988K [0x0000000740000000, 0x0000000800000000)
  region size 2048K, 25 young (51200K), 1 survivors (2048K)
 Metaspace       used 62567K, committed 64448K, reserved 1114112K
  class space    used 8616K, committed 9600K, reserved 1048576K
}
Event: 6.947 GC heap after
{Heap after GC invocations=15 (full 0):
 garbage-first heap   total 116736K, used 56300K [0x0000000740000000, 0x0000000800000000)
  region size 2048K, 3 young (6144K), 3 survivors (6144K)
 Metaspace       used 62567K, committed 64448K, reserved 1114112K
  class space    used 8616K, committed 9600K, reserved 1048576K
}

